<?xml version="1.0" encoding="UTF-8"?>
<testng-results ignored="4" total="7" passed="3" failed="0" skipped="0">
  <reporter-output>
  </reporter-output>
  <suite started-at="2023-06-12T16:23:12 IST" name="Suite" finished-at="2023-06-12T16:25:52 IST" duration-ms="160487">
    <groups>
    </groups>
    <test started-at="2023-06-12T16:23:12 IST" name="Test" finished-at="2023-06-12T16:25:52 IST" duration-ms="160487">
      <class name="com.wipro.testcases.LoginTest">
        <test-method signature="login(java.lang.String,java.lang.String,java.lang.String,java.lang.String,java.lang.String,java.lang.String,java.lang.String,java.lang.String,java.lang.String,java.lang.String,java.lang.String,java.lang.String,java.lang.String,java.lang.String)[pri:0, instance:com.wipro.testcases.LoginTest@644baf4a]" started-at="2023-06-12T16:23:27 IST" name="login" data-provider="ExcelSheetRead" finished-at="2023-06-12T16:24:39 IST" duration-ms="71959" status="PASS">
          <params>
            <param index="0">
              <value>
                <![CDATA[aghosh@gmail.com]]>
              </value>
            </param>
            <param index="1">
              <value>
                <![CDATA[abhi123]]>
              </value>
            </param>
            <param index="2">
              <value>
                <![CDATA[abhishek]]>
              </value>
            </param>
            <param index="3">
              <value>
                <![CDATA[ghosh]]>
              </value>
            </param>
            <param index="4">
              <value>
                <![CDATA[asdfg@gmail.com]]>
              </value>
            </param>
            <param index="5">
              <value>
                <![CDATA[wipro]]>
              </value>
            </param>
            <param index="6">
              <value>
                <![CDATA[India]]>
              </value>
            </param>
            <param index="7">
              <value>
                <![CDATA[Karnataka]]>
              </value>
            </param>
            <param index="8">
              <value>
                <![CDATA[Kalaburagi]]>
              </value>
            </param>
            <param index="9">
              <value>
                <![CDATA[Gulbarga]]>
              </value>
            </param>
            <param index="10">
              <value>
                <![CDATA[Gulbarga]]>
              </value>
            </param>
            <param index="11">
              <value>
                <![CDATA[585104]]>
              </value>
            </param>
            <param index="12">
              <value>
                <![CDATA[876345087]]>
              </value>
            </param>
            <param index="13">
              <value>
                <![CDATA[23433]]>
              </value>
            </param>
          </params>
          <reporter-output>
          </reporter-output>
        </test-method> <!-- login -->
      </class> <!-- com.wipro.testcases.LoginTest -->
      <class name="com.wipro.testcases.RegisterTest">
        <test-method is-config="true" signature="driverSetup()[pri:0, instance:com.wipro.testcases.RegisterTest@2e385cce]" started-at="2023-06-12T16:22:54 IST" name="driverSetup" finished-at="2023-06-12T16:23:12 IST" duration-ms="17896" status="PASS">
          <reporter-output>
          </reporter-output>
        </test-method> <!-- driverSetup -->
        <test-method signature="registerData(java.lang.String,java.lang.String,java.lang.String,java.lang.String,java.lang.String)[pri:0, instance:com.wipro.testcases.RegisterTest@2e385cce]" started-at="2023-06-12T16:23:13 IST" name="registerData" data-provider="ExcelSheetRead" finished-at="2023-06-12T16:23:27 IST" duration-ms="14130" status="PASS">
          <params>
            <param index="0">
              <value>
                <![CDATA[abhishek]]>
              </value>
            </param>
            <param index="1">
              <value>
                <![CDATA[ghosh]]>
              </value>
            </param>
            <param index="2">
              <value>
                <![CDATA[aghosh@gmail.com]]>
              </value>
            </param>
            <param index="3">
              <value>
                <![CDATA[abhi123]]>
              </value>
            </param>
            <param index="4">
              <value>
                <![CDATA[abhi123]]>
              </value>
            </param>
          </params>
          <reporter-output>
          </reporter-output>
        </test-method> <!-- registerData -->
        <test-method is-config="true" signature="driverquit()[pri:0, instance:com.wipro.testcases.RegisterTest@2e385cce]" started-at="2023-06-12T16:25:52 IST" name="driverquit" finished-at="2023-06-12T16:25:53 IST" duration-ms="791" status="PASS">
          <reporter-output>
          </reporter-output>
        </test-method> <!-- driverquit -->
      </class> <!-- com.wipro.testcases.RegisterTest -->
      <class name="com.wipro.testcases.AddProductTest">
        <test-method signature="AddProductTo(java.lang.String,java.lang.String)[pri:0, instance:com.wipro.testcases.AddProductTest@7526515b]" started-at="2023-06-12T16:24:39 IST" name="AddProductTo" data-provider="ExcelSheetRead" finished-at="2023-06-12T16:25:52 IST" duration-ms="73021" status="PASS">
          <params>
            <param index="0">
              <value>
                <![CDATA[aghosh@gmail.com]]>
              </value>
            </param>
            <param index="1">
              <value>
                <![CDATA[abhi123]]>
              </value>
            </param>
          </params>
          <reporter-output>
          </reporter-output>
        </test-method> <!-- AddProductTo -->
      </class> <!-- com.wipro.testcases.AddProductTest -->
    </test> <!-- Test -->
  </suite> <!-- Suite -->
</testng-results>
