<?xml version="1.0" encoding="UTF-8"?>
<!-- Generated by org.testng.reporters.JUnitXMLReporter -->
<testsuite ignored="4" hostname="FVFHXJ8PQ6LR" failures="0" tests="3" name="Test" time="160.487" errors="0" timestamp="2023-06-12T16:25:52 IST">
  <testcase classname="com.wipro.testcases.RegisterTest" name="registerData" time="14.13"/>
  <testcase classname="com.wipro.testcases.LoginTest" name="login" time="71.959"/>
  <testcase classname="com.wipro.testcases.AddProductTest" name="AddProductTo" time="73.021"/>
  <testcase classname="com.wipro.testbase.Drivers" name="@BeforeSuite driverSetup" time="0.0">
    <ignored/>
  </testcase> <!-- @BeforeSuite driverSetup -->
  <testcase classname="com.wipro.testbase.Drivers" name="@BeforeSuite driverSetup" time="0.0">
    <ignored/>
  </testcase> <!-- @BeforeSuite driverSetup -->
  <testcase classname="com.wipro.testbase.Drivers" name="@AfterSuite driverquit" time="0.0">
    <ignored/>
  </testcase> <!-- @AfterSuite driverquit -->
  <testcase classname="com.wipro.testbase.Drivers" name="@AfterSuite driverquit" time="0.0">
    <ignored/>
  </testcase> <!-- @AfterSuite driverquit -->
</testsuite> <!-- Test -->
